<?xml version='1.0' encoding='UTF-8'?>
<testsuite hostname="skorpionx-MS-7693" name="com.test.Drop3Test" tests="6" errors="0" failures="0" time="0.657">
                     <properties>
[...]
</properties>
                     <testcase classname="com.test.Drop3Test" name="Se arroja IllegalArgumentException si el numero de vecinos es par" time="0.625">
                                                 
                                               </testcase><testcase classname="com.test.Drop3Test" name="Se arroja IllegalArgumentException si el numero de vecinos es negativo" time="0.023">
                                                 
                                               </testcase><testcase classname="com.test.Drop3Test" name="Se calculan las distancias y se ordenan descendentemente para una instancia dada" time="0.006">
                                                 
                                               </testcase><testcase classname="com.test.Drop3Test" name="Se encuentran los k vecinos mas cercanos en base a las distancias calculadas" time="0.001">
                                                 
                                               </testcase><testcase classname="com.test.Drop3Test" name="Se eliminan las intancias que tienen el mismo label" time="0.001">
                                                 
                                               </testcase><testcase classname="com.test.Drop3Test" name="Se encuentra al enemigo mas cercano" time="0.001">
                                                 
                                               </testcase>
                     <system-out></system-out>
                     <system-err></system-err>
                   </testsuite>