[0m[[0mdebug[0m] [0mRunning TaskDef(com.test.EntropiaTest, org.scalatest.tools.Framework$$anon$1@1ca098fe, false, [SuiteSelector])[0m
[0m[[0mdebug[0m] [0mRunning TaskDef(com.test.RandomHyperplanesTest, org.scalatest.tools.Framework$$anon$1@1ca098fe, false, [SuiteSelector])[0m
[0m[[0mdebug[0m] [0mRunning TaskDef(com.test.Drop3Test, org.scalatest.tools.Framework$$anon$1@1ca098fe, false, [SuiteSelector])[0m
[0m[[0minfo[0m] [0m[36mRun completed in 9 seconds, 363 milliseconds.[0m[0m
[0m[[0minfo[0m] [0m[36mTotal number of tests run: 18[0m[0m
[0m[[0minfo[0m] [0m[36mSuites: completed 3, aborted 0[0m[0m
[0m[[0minfo[0m] [0m[36mTests: succeeded 16, failed 2, canceled 0, ignored 0, pending 0[0m[0m
[0m[[0minfo[0m] [0m[31m*** 2 TESTS FAILED ***[0m[0m
[0m[[0mdebug[0m] [0mPassed tests:[0m
[0m[[0mdebug[0m] [0m	com.test.EntropiaTest[0m
[0m[[0mdebug[0m] [0m	com.test.Drop3Test[0m
[0m[[31merror[0m] [0mFailed tests:[0m
[0m[[31merror[0m] [0m	com.test.RandomHyperplanesTest[0m
[0m[[31merror[0m] [0m(test:[31mtest[0m) sbt.TestsFailedException: Tests unsuccessful[0m
