<?xml version='1.0' encoding='UTF-8'?>
<testsuite hostname="skorpionx" name="com.test.Drop3Test" tests="24" errors="0" failures="0" skipped="0" time="9.516">
                     <properties>
[...]
</properties>
                     <testcase classname="com.test.Drop3Test" name="Se calculan las distancias y se ordenan descendentemente para una instancia dada" time="0.042">
                                                 
                                               </testcase><testcase classname="com.test.Drop3Test" name="Se calculan las distancias en un intervalo dado" time="0.001">
                                                 
                                               </testcase><testcase classname="com.test.Drop3Test" name="se recalculan las distancias" time="0.0">
                                                 
                                               </testcase><testcase classname="com.test.Drop3Test" name="Se encuentran los k vecinos mas cercanos en base a las distancias calculadas" time="0.001">
                                                 
                                               </testcase><testcase classname="com.test.Drop3Test" name="Se eliminan las instancias que tienen el mismo label" time="0.003">
                                                 
                                               </testcase><testcase classname="com.test.Drop3Test" name="Se encuentra al enemigo mas cercano" time="0.001">
                                                 
                                               </testcase><testcase classname="com.test.Drop3Test" name="Se crea el datatable inicial" time="0.004">
                                                 
                                               </testcase><testcase classname="com.test.Drop3Test" name="Dado un datatable y un id, se obtiene el indice y el row correpondiente a dicho id" time="0.003">
                                                 
                                               </testcase><testcase classname="com.test.Drop3Test" name="Se actualizan las distancias" time="0.007">
                                                 
                                               </testcase><testcase classname="com.test.Drop3Test" name="Se llena el datatable segun la lista dada" time="0.002">
                                                 
                                               </testcase><testcase classname="com.test.Drop3Test" name="El metodo knn retorna la etiqueta que tiene la mayoria de los vecinos" time="0.003">
                                                 
                                               </testcase><testcase classname="com.test.Drop3Test" name="Se determina si remover una instancia en base a la clasificacion de los asociados de una instancia con p y sin p" time="0.003">
                                                 
                                               </testcase><testcase classname="com.test.Drop3Test" name="Se actualiza el datatable al remover una instancia" time="0.004">
                                                 
                                               </testcase><testcase classname="com.test.Drop3Test" name="Se realiza el metodo de DROP3 con clases balanceadas" time="0.003">
                                                 
                                               </testcase><testcase classname="com.test.Drop3Test" name="Se realiza el metodo de DROP3 con clases desbalanceadas" time="0.002">
                                                 
                                               </testcase><testcase classname="com.test.Drop3Test" name="Se realiza el drop3 sobre un dataframe" time="9.432">
                                                 
                                               </testcase><testcase classname="com.test.Drop3Test" name="Se determina que las muestras dadas son todas de una misma clase" time="0.0">
                                                 
                                               </testcase><testcase classname="com.test.Drop3Test" name="Se determina que las muestras dadas son de diferentes clases" time="0.0">
                                                 
                                               </testcase><testcase classname="com.test.Drop3Test" name="Si las muestras son desbalanceadas y todas las muestras son de la clase mayoritaria se indica que se deben de eliminar todas las instancias menos una" time="0.001">
                                                 
                                               </testcase><testcase classname="com.test.Drop3Test" name="Si las muestras son desbalanceadas y todas las muestras son de la clase minoritaria se indica que no se deben de eliminar instancias" time="0.0">
                                                 
                                               </testcase><testcase classname="com.test.Drop3Test" name="Si las muestras son balanceadas y todas las muestras son de la clase mayoriatria se indica que se deben de eliminar todas las instancias menos una" time="0.001">
                                                 
                                               </testcase><testcase classname="com.test.Drop3Test" name="Si las muestras son balanceadas y todas las muestras son de la clase minoritaria se indica que se deben de eliminar todas las instancias menos una" time="0.001">
                                                 
                                               </testcase><testcase classname="com.test.Drop3Test" name="Solo hay solo una instancia, no se elimina ninguna muestra" time="0.0">
                                                 
                                               </testcase><testcase classname="com.test.Drop3Test" name="Solo dos instancias" time="0.002">
                                                 
                                               </testcase>
                     <system-out></system-out>
                     <system-err></system-err>
                   </testsuite>